<?xml version="1.0" encoding="UTF-8"?>
<!-- Generated by org.testng.reporters.JUnitXMLReporter -->
<testsuite ignored="0" hostname="LAPTOP-NHMM4IQC" failures="0" tests="3" name="Test" time="32.716" errors="0" timestamp="2020-06-12T20:51:05 BST">
  <testcase classname="com.vcit.automation.TestLogin" name="testCustomerRegistrationWithInvalidEmail" time="4.495"/>
  <testcase classname="com.vcit.automation.TestLogin" name="testCustomerRegistrationWithValidEmail" time="7.55"/>
  <testcase classname="com.vcit.automation.TestCheckOrder" name="testCheckOrder" time="12.1"/>
</testsuite> <!-- Test -->
