<?xml version="1.0" encoding="UTF-8"?>
<testng-results ignored="0" total="3" passed="3" failed="0" skipped="0">
  <reporter-output>
  </reporter-output>
  <suite started-at="2020-06-12T20:50:32 BST" name="Suite" finished-at="2020-06-12T20:51:05 BST" duration-ms="32716">
    <groups>
      <group name="checkintest">
        <method signature="TestCheckOrder.testCheckOrder()[pri:0, instance:com.vcit.automation.TestCheckOrder@55040f2f]" name="testCheckOrder" class="com.vcit.automation.TestCheckOrder"/>
      </group> <!-- checkintest -->
      <group name="functest">
        <method signature="TestCheckOrder.testCheckOrder()[pri:0, instance:com.vcit.automation.TestCheckOrder@55040f2f]" name="testCheckOrder" class="com.vcit.automation.TestCheckOrder"/>
        <method signature="TestLogin.testCustomerRegistrationWithInvalidEmail()[pri:0, instance:com.vcit.automation.TestLogin@6ee12bac]" name="testCustomerRegistrationWithInvalidEmail" class="com.vcit.automation.TestLogin"/>
        <method signature="TestLogin.testCustomerRegistrationWithValidEmail()[pri:0, instance:com.vcit.automation.TestLogin@6ee12bac]" name="testCustomerRegistrationWithValidEmail" class="com.vcit.automation.TestLogin"/>
      </group> <!-- functest -->
    </groups>
    <test started-at="2020-06-12T20:50:32 BST" name="Test" finished-at="2020-06-12T20:51:05 BST" duration-ms="32716">
      <class name="com.vcit.automation.TestLogin">
        <test-method is-config="true" signature="init()[pri:0, instance:com.vcit.automation.TestLogin@6ee12bac]" started-at="2020-06-12T20:50:32 BST" name="init" finished-at="2020-06-12T20:50:36 BST" duration-ms="3930" status="PASS">
          <reporter-output>
          </reporter-output>
        </test-method> <!-- init -->
        <test-method signature="testCustomerRegistrationWithInvalidEmail()[pri:0, instance:com.vcit.automation.TestLogin@6ee12bac]" started-at="2020-06-12T20:50:36 BST" name="testCustomerRegistrationWithInvalidEmail" finished-at="2020-06-12T20:50:41 BST" duration-ms="4495" status="PASS">
          <reporter-output>
          </reporter-output>
        </test-method> <!-- testCustomerRegistrationWithInvalidEmail -->
        <test-method signature="testCustomerRegistrationWithValidEmail()[pri:0, instance:com.vcit.automation.TestLogin@6ee12bac]" started-at="2020-06-12T20:50:41 BST" name="testCustomerRegistrationWithValidEmail" finished-at="2020-06-12T20:50:48 BST" duration-ms="7550" status="PASS">
          <reporter-output>
          </reporter-output>
        </test-method> <!-- testCustomerRegistrationWithValidEmail -->
        <test-method is-config="true" signature="tearDown()[pri:0, instance:com.vcit.automation.TestLogin@6ee12bac]" started-at="2020-06-12T20:50:48 BST" name="tearDown" finished-at="2020-06-12T20:50:49 BST" duration-ms="691" status="PASS">
          <reporter-output>
          </reporter-output>
        </test-method> <!-- tearDown -->
      </class> <!-- com.vcit.automation.TestLogin -->
      <class name="com.vcit.automation.TestCheckOrder">
        <test-method is-config="true" signature="init()[pri:0, instance:com.vcit.automation.TestCheckOrder@55040f2f]" started-at="2020-06-12T20:50:49 BST" name="init" finished-at="2020-06-12T20:50:52 BST" duration-ms="3202" status="PASS">
          <reporter-output>
          </reporter-output>
        </test-method> <!-- init -->
        <test-method signature="testCheckOrder()[pri:0, instance:com.vcit.automation.TestCheckOrder@55040f2f]" started-at="2020-06-12T20:50:52 BST" name="testCheckOrder" finished-at="2020-06-12T20:51:04 BST" duration-ms="12100" status="PASS">
          <reporter-output>
          </reporter-output>
        </test-method> <!-- testCheckOrder -->
        <test-method is-config="true" signature="tearDown()[pri:0, instance:com.vcit.automation.TestCheckOrder@55040f2f]" started-at="2020-06-12T20:51:04 BST" name="tearDown" finished-at="2020-06-12T20:51:05 BST" duration-ms="705" status="PASS">
          <reporter-output>
          </reporter-output>
        </test-method> <!-- tearDown -->
      </class> <!-- com.vcit.automation.TestCheckOrder -->
    </test> <!-- Test -->
  </suite> <!-- Suite -->
</testng-results>
