<?xml version="1.0" encoding="UTF-8"?>
<testsuite xmlns:xsi="http://www.w3.org/2001/XMLSchema-instance" xsi:noNamespaceSchemaLocation="https://maven.apache.org/surefire/maven-surefire-plugin/xsd/surefire-test-report.xsd" name="TestSuite" time="33.307" tests="3" errors="0" skipped="0" failures="0">
  <properties>
[...]
</properties>
  <testcase name="testCustomerRegistrationWithInvalidEmail" classname="com.vcit.automation.TestLogin" time="4.498"/>
  <testcase name="testCustomerRegistrationWithValidEmail" classname="com.vcit.automation.TestLogin" time="7.548"/>
  <testcase name="testCheckOrder" classname="com.vcit.automation.TestCheckOrder" time="12.098"/>
</testsuite>